    ____  ____
   /   /\/   /
  /___/  \  /    VENDOR      : Xilinx Inc.
  \   \   \/     VERSION     : 14.7 (P.20131013)
   \   \         APPLICATION : /opt/Xilinx/14.7/ISE_DS/ISE/bin/lin64/unwrapped/compxlib
   /   /         CONTENTS    : Compilation Log
  /___/   /\     FILENAME    : compxlib.log
  \   \  /  \    
   \___\/\___\

Release 14.7 - /opt/Xilinx/14.7/ISE_DS/ISE/bin/lin64/unwrapped/compxlib 14.7 (lin64)
Copyright (c) 1995-2013 Xilinx, Inc.  All rights reserved.

Processing command line ...
Library Source Paths => '/opt/Xilinx/14.7/ISE_DS/ISE'
Current Working Directory => '/home/ise/Shared_drive_for_ECE_4375/FourtoOneMUX'
Compilation Mode = FAST
Execute Mode = ON
Scheduling library installation & compilation for architectures: spartan3a

Scheduling library installation & compilation for libraries: simprim unisim xilinxcorelib edk

Signature:-
------------------------------------------------------------------------------
/opt/Xilinx/14.7/ISE_DS/ISE/bin/lin64/unwrapped/compxlib -s ncsim -l vhdl -arch spartan3a -lib unisim -lib simprim -lib xilinxcorelib -lib edk -exclude_superseded -intstyle ise 
------------------------------------------------------------------------------
ERROR:Compxlib - COMPXLIB[sim]: Unable to automatically find executables for simulator 'ncsim' from the following paths:
    /opt/Xilinx/14.7/ISE_DS/ISE//bin/lin64
   /opt/Xilinx/14.7/ISE_DS/ISE/bin/lin64
   /opt/Xilinx/14.7/ISE_DS/ISE/sysgen/util
   /opt/Xilinx/14.7/ISE_DS/ISE/sysgen/bin
   /opt/Xilinx/14.7/ISE_DS/ISE/../../../DocNav
   /opt/Xilinx/14.7/ISE_DS/PlanAhead/bin
   /opt/Xilinx/14.7/ISE_DS/EDK/bin/lin64
   /opt/Xilinx/14.7/ISE_DS/EDK/gnu/microblaze/lin/bin
   /opt/Xilinx/14.7/ISE_DS/EDK/gnu/powerpc-eabi/lin/bin
   /opt/Xilinx/14.7/ISE_DS/EDK/gnu/arm/lin/bin
   /opt/Xilinx/14.7/ISE_DS/EDK/gnu/microblaze/linux_toolchain/lin64_be/bin
   /opt/Xilinx/14.7/ISE_DS/EDK/gnu/microblaze/linux_toolchain/lin64_le/bin
   /opt/Xilinx/14.7/ISE_DS/common/bin/lin64
   /usr/lib64/qt-3.3/bin
   /usr/local/bin
   /usr/bin
   /bin
   /usr/local/sbin
   /usr/sbin
   /sbin
   /home/ise/bin.
Simulator 'ncsim' is ignored.
