Command line:
   coinCounter_tb_isim_beh.exe
     -simmode  gui
     -simrunnum  0
     -socket  58157

Fri Feb 27 01:33:58 2026


 Elaboration Time: 0.14 sec

 Current Memory Usage: 215.241 Meg

 Total Signals          : 19
 Total Nets             : 28
 Total Signal Drivers   : 11
 Total Blocks           : 3
 Total Primitive Blocks : 2
 Total Processes        : 14
 Total Traceable Variables  : 26
 Total Scalar Nets and Variables : 152
Total Line Count : 41

 Total Simulation Time: 0.19 sec

 Current Memory Usage: 292.839 Meg

Fri Feb 27 02:52:35 2026

