#! /c/Source/iverilog-install/bin/vvp
:ivl_version "12.0 (devel)" "(s20150603-1539-g2693dd32b)";
:ivl_delay_selection "TYPICAL";
:vpi_time_precision - 12;
:vpi_module "C:\iverilog\lib\ivl\system.vpi";
:vpi_module "C:\iverilog\lib\ivl\vhdl_sys.vpi";
:vpi_module "C:\iverilog\lib\ivl\vhdl_textio.vpi";
:vpi_module "C:\iverilog\lib\ivl\v2005_math.vpi";
:vpi_module "C:\iverilog\lib\ivl\va_math.vpi";
S_000001be43b2b5f0 .scope module, "CPU_tb" "CPU_tb" 2 3;
 .timescale -9 -12;
v000001be43b8d0c0_0 .net "RAM_address", 31 0, L_000001be43af2d60;  1 drivers
v000001be43b8d200_0 .net "RAM_data_input", 31 0, L_000001be43af2eb0;  1 drivers
v000001be43b8bcc0_0 .var "RAM_data_output", 31 0;
v000001be43b8bfe0_0 .net "RAM_write_enable", 0 0, L_000001be43af23c0;  1 drivers
v000001be43b8c4e0_0 .net "ROM_address", 5 0, L_000001be43af2430;  1 drivers
v000001be43b8c800_0 .var "ROM_data_input", 48 0;
v000001be43b8d2a0_0 .var "clk", 0 0;
v000001be43b8c580_0 .var/i "i", 31 0;
v000001be43b91930 .array "rom", 63 0, 48 0;
v000001be43b90cb0_0 .var "rst", 0 0;
E_000001be43b260e0 .event negedge, v000001be43b2e8b0_0;
E_000001be43b25420 .event anyedge, v000001be43b8c620_0;
v000001be43b91930_0 .array/port v000001be43b91930, 0;
v000001be43b91930_1 .array/port v000001be43b91930, 1;
v000001be43b91930_2 .array/port v000001be43b91930, 2;
E_000001be43b256e0/0 .event anyedge, v000001be43b8b5e0_0, v000001be43b91930_0, v000001be43b91930_1, v000001be43b91930_2;
v000001be43b91930_3 .array/port v000001be43b91930, 3;
v000001be43b91930_4 .array/port v000001be43b91930, 4;
v000001be43b91930_5 .array/port v000001be43b91930, 5;
v000001be43b91930_6 .array/port v000001be43b91930, 6;
E_000001be43b256e0/1 .event anyedge, v000001be43b91930_3, v000001be43b91930_4, v000001be43b91930_5, v000001be43b91930_6;
v000001be43b91930_7 .array/port v000001be43b91930, 7;
v000001be43b91930_8 .array/port v000001be43b91930, 8;
v000001be43b91930_9 .array/port v000001be43b91930, 9;
v000001be43b91930_10 .array/port v000001be43b91930, 10;
E_000001be43b256e0/2 .event anyedge, v000001be43b91930_7, v000001be43b91930_8, v000001be43b91930_9, v000001be43b91930_10;
v000001be43b91930_11 .array/port v000001be43b91930, 11;
v000001be43b91930_12 .array/port v000001be43b91930, 12;
v000001be43b91930_13 .array/port v000001be43b91930, 13;
v000001be43b91930_14 .array/port v000001be43b91930, 14;
E_000001be43b256e0/3 .event anyedge, v000001be43b91930_11, v000001be43b91930_12, v000001be43b91930_13, v000001be43b91930_14;
v000001be43b91930_15 .array/port v000001be43b91930, 15;
v000001be43b91930_16 .array/port v000001be43b91930, 16;
v000001be43b91930_17 .array/port v000001be43b91930, 17;
v000001be43b91930_18 .array/port v000001be43b91930, 18;
E_000001be43b256e0/4 .event anyedge, v000001be43b91930_15, v000001be43b91930_16, v000001be43b91930_17, v000001be43b91930_18;
v000001be43b91930_19 .array/port v000001be43b91930, 19;
v000001be43b91930_20 .array/port v000001be43b91930, 20;
v000001be43b91930_21 .array/port v000001be43b91930, 21;
v000001be43b91930_22 .array/port v000001be43b91930, 22;
E_000001be43b256e0/5 .event anyedge, v000001be43b91930_19, v000001be43b91930_20, v000001be43b91930_21, v000001be43b91930_22;
v000001be43b91930_23 .array/port v000001be43b91930, 23;
v000001be43b91930_24 .array/port v000001be43b91930, 24;
v000001be43b91930_25 .array/port v000001be43b91930, 25;
v000001be43b91930_26 .array/port v000001be43b91930, 26;
E_000001be43b256e0/6 .event anyedge, v000001be43b91930_23, v000001be43b91930_24, v000001be43b91930_25, v000001be43b91930_26;
v000001be43b91930_27 .array/port v000001be43b91930, 27;
v000001be43b91930_28 .array/port v000001be43b91930, 28;
v000001be43b91930_29 .array/port v000001be43b91930, 29;
v000001be43b91930_30 .array/port v000001be43b91930, 30;
E_000001be43b256e0/7 .event anyedge, v000001be43b91930_27, v000001be43b91930_28, v000001be43b91930_29, v000001be43b91930_30;
v000001be43b91930_31 .array/port v000001be43b91930, 31;
v000001be43b91930_32 .array/port v000001be43b91930, 32;
v000001be43b91930_33 .array/port v000001be43b91930, 33;
v000001be43b91930_34 .array/port v000001be43b91930, 34;
E_000001be43b256e0/8 .event anyedge, v000001be43b91930_31, v000001be43b91930_32, v000001be43b91930_33, v000001be43b91930_34;
v000001be43b91930_35 .array/port v000001be43b91930, 35;
v000001be43b91930_36 .array/port v000001be43b91930, 36;
v000001be43b91930_37 .array/port v000001be43b91930, 37;
v000001be43b91930_38 .array/port v000001be43b91930, 38;
E_000001be43b256e0/9 .event anyedge, v000001be43b91930_35, v000001be43b91930_36, v000001be43b91930_37, v000001be43b91930_38;
v000001be43b91930_39 .array/port v000001be43b91930, 39;
v000001be43b91930_40 .array/port v000001be43b91930, 40;
v000001be43b91930_41 .array/port v000001be43b91930, 41;
v000001be43b91930_42 .array/port v000001be43b91930, 42;
E_000001be43b256e0/10 .event anyedge, v000001be43b91930_39, v000001be43b91930_40, v000001be43b91930_41, v000001be43b91930_42;
v000001be43b91930_43 .array/port v000001be43b91930, 43;
v000001be43b91930_44 .array/port v000001be43b91930, 44;
v000001be43b91930_45 .array/port v000001be43b91930, 45;
v000001be43b91930_46 .array/port v000001be43b91930, 46;
E_000001be43b256e0/11 .event anyedge, v000001be43b91930_43, v000001be43b91930_44, v000001be43b91930_45, v000001be43b91930_46;
v000001be43b91930_47 .array/port v000001be43b91930, 47;
v000001be43b91930_48 .array/port v000001be43b91930, 48;
v000001be43b91930_49 .array/port v000001be43b91930, 49;
v000001be43b91930_50 .array/port v000001be43b91930, 50;
E_000001be43b256e0/12 .event anyedge, v000001be43b91930_47, v000001be43b91930_48, v000001be43b91930_49, v000001be43b91930_50;
v000001be43b91930_51 .array/port v000001be43b91930, 51;
v000001be43b91930_52 .array/port v000001be43b91930, 52;
v000001be43b91930_53 .array/port v000001be43b91930, 53;
v000001be43b91930_54 .array/port v000001be43b91930, 54;
E_000001be43b256e0/13 .event anyedge, v000001be43b91930_51, v000001be43b91930_52, v000001be43b91930_53, v000001be43b91930_54;
v000001be43b91930_55 .array/port v000001be43b91930, 55;
v000001be43b91930_56 .array/port v000001be43b91930, 56;
v000001be43b91930_57 .array/port v000001be43b91930, 57;
v000001be43b91930_58 .array/port v000001be43b91930, 58;
E_000001be43b256e0/14 .event anyedge, v000001be43b91930_55, v000001be43b91930_56, v000001be43b91930_57, v000001be43b91930_58;
v000001be43b91930_59 .array/port v000001be43b91930, 59;
v000001be43b91930_60 .array/port v000001be43b91930, 60;
v000001be43b91930_61 .array/port v000001be43b91930, 61;
v000001be43b91930_62 .array/port v000001be43b91930, 62;
E_000001be43b256e0/15 .event anyedge, v000001be43b91930_59, v000001be43b91930_60, v000001be43b91930_61, v000001be43b91930_62;
v000001be43b91930_63 .array/port v000001be43b91930, 63;
E_000001be43b256e0/16 .event anyedge, v000001be43b91930_63;
E_000001be43b256e0 .event/or E_000001be43b256e0/0, E_000001be43b256e0/1, E_000001be43b256e0/2, E_000001be43b256e0/3, E_000001be43b256e0/4, E_000001be43b256e0/5, E_000001be43b256e0/6, E_000001be43b256e0/7, E_000001be43b256e0/8, E_000001be43b256e0/9, E_000001be43b256e0/10, E_000001be43b256e0/11, E_000001be43b256e0/12, E_000001be43b256e0/13, E_000001be43b256e0/14, E_000001be43b256e0/15, E_000001be43b256e0/16;
S_000001be43b2de90 .scope module, "uut" "CPU" 2 18, 3 3 0, S_000001be43b2b5f0;
 .timescale -9 -12;
    .port_info 0 /INPUT 1 "clk";
    .port_info 1 /INPUT 1 "rst";
    .port_info 2 /INPUT 49 "ROM_data_input";
    .port_info 3 /INPUT 32 "RAM_data_output";
    .port_info 4 /OUTPUT 6 "ROM_address";
    .port_info 5 /OUTPUT 32 "RAM_address";
    .port_info 6 /OUTPUT 32 "RAM_data_input";
    .port_info 7 /OUTPUT 1 "RAM_write_enable";
L_000001be43af2430 .functor BUFZ 6, v000001be43b8cee0_0, C4<000000>, C4<000000>, C4<000000>;
L_000001be43af2d60 .functor BUFZ 32, v000001be43b2f3f0_0, C4<00000000000000000000000000000000>, C4<00000000000000000000000000000000>, C4<00000000000000000000000000000000>;
L_000001be43af2eb0 .functor BUFZ 32, v000001be43b2f530_0, C4<00000000000000000000000000000000>, C4<00000000000000000000000000000000>, C4<00000000000000000000000000000000>;
L_000001be43af23c0 .functor BUFZ 1, v000001be43b8cb20_0, C4<0>, C4<0>, C4<0>;
v000001be43b8c620_0 .net "RAM_address", 31 0, L_000001be43af2d60;  alias, 1 drivers
v000001be43b8b860_0 .net "RAM_data_input", 31 0, L_000001be43af2eb0;  alias, 1 drivers
v000001be43b8c940_0 .net "RAM_data_output", 31 0, v000001be43b8bcc0_0;  1 drivers
v000001be43b8b4a0_0 .net "RAM_write_enable", 0 0, L_000001be43af23c0;  alias, 1 drivers
v000001be43b8b5e0_0 .net "ROM_address", 5 0, L_000001be43af2430;  alias, 1 drivers
v000001be43b8be00_0 .net "ROM_data_input", 48 0, v000001be43b8c800_0;  1 drivers
v000001be43b8b7c0_0 .net "a_mux_control", 0 0, v000001be43b2e9f0_0;  1 drivers
v000001be43b8c080_0 .net "alu_result", 31 0, v000001be43b2f3f0_0;  1 drivers
v000001be43b8cd00_0 .net "b_mux_control", 0 0, v000001be43b8b720_0;  1 drivers
v000001be43b8c6c0_0 .net "branch_control", 0 0, v000001be43b8b540_0;  1 drivers
v000001be43b8c9e0_0 .net "bus_a", 31 0, v000001be43b2f530_0;  1 drivers
v000001be43b8b680_0 .net "bus_b", 31 0, v000001be43b2f670_0;  1 drivers
v000001be43b8bae0_0 .net "c_flag", 0 0, v000001be43b2ee50_0;  1 drivers
v000001be43b8b900_0 .net "clk", 0 0, v000001be43b8d2a0_0;  1 drivers
v000001be43b8c120_0 .net "immediate", 31 0, L_000001be43b90670;  1 drivers
v000001be43b8cc60_0 .net "ina_value", 31 0, L_000001be43b90170;  1 drivers
v000001be43b8b9a0_0 .net "inb_value", 31 0, L_000001be43b90350;  1 drivers
v000001be43b8ba40_0 .var "ir", 48 0;
v000001be43b8d160_0 .net "load_enable", 0 0, v000001be43b8b400_0;  1 drivers
v000001be43b8ce40_0 .net "mem_write_control", 0 0, v000001be43b8cb20_0;  1 drivers
v000001be43b8c260_0 .net "mode", 1 0, L_000001be43b91f70;  1 drivers
v000001be43b8c440_0 .net "n_flag", 0 0, v000001be43b2ea90_0;  1 drivers
v000001be43b8ca80_0 .net "o_mux_control", 0 0, v000001be43b8cbc0_0;  1 drivers
v000001be43b8bea0_0 .net "opcode", 4 0, L_000001be43b90d50;  1 drivers
v000001be43b8cee0_0 .var "pc_reg", 5 0;
v000001be43b8c1c0_0 .net "rd", 4 0, L_000001be43b905d0;  1 drivers
v000001be43b8c3a0_0 .net "rs1", 4 0, L_000001be43b91110;  1 drivers
v000001be43b8bb80_0 .net "rst", 0 0, v000001be43b90cb0_0;  1 drivers
v000001be43b8c760_0 .net "v_flag", 0 0, v000001be43b2f030_0;  1 drivers
v000001be43b8bc20_0 .net "write_data", 31 0, L_000001be43b91a70;  1 drivers
v000001be43b8d020_0 .net "z_flag", 0 0, v000001be43b2e950_0;  1 drivers
E_000001be43b25f20 .event posedge, v000001be43b2f0d0_0, v000001be43b2e8b0_0;
L_000001be43b90170 .functor MUXZ 32, v000001be43b2f530_0, L_000001be43b90670, v000001be43b2e9f0_0, C4<>;
L_000001be43b90350 .functor MUXZ 32, v000001be43b2f670_0, L_000001be43b90670, v000001be43b8b720_0, C4<>;
L_000001be43b91a70 .functor MUXZ 32, v000001be43b2f3f0_0, v000001be43b8bcc0_0, v000001be43b8cbc0_0, C4<>;
L_000001be43b91c50 .part L_000001be43b90670, 0, 5;
S_000001be43b05a30 .scope module, "u1" "ALU" 3 60, 4 9 0, S_000001be43b2de90;
 .timescale -12 -12;
    .port_info 0 /INPUT 32 "ina";
    .port_info 1 /INPUT 32 "inb";
    .port_info 2 /INPUT 5 "opcode";
    .port_info 3 /INPUT 1 "clk";
    .port_info 4 /INPUT 1 "rst";
    .port_info 5 /OUTPUT 32 "out";
    .port_info 6 /OUTPUT 1 "Z";
    .port_info 7 /OUTPUT 1 "N";
    .port_info 8 /OUTPUT 1 "C";
    .port_info 9 /OUTPUT 1 "V";
v000001be43b2ee50_0 .var "C", 0 0;
v000001be43b2ea90_0 .var "N", 0 0;
v000001be43b2f030_0 .var "V", 0 0;
v000001be43b2e950_0 .var "Z", 0 0;
v000001be43b2e8b0_0 .net "clk", 0 0, v000001be43b8d2a0_0;  alias, 1 drivers
v000001be43b2f490_0 .net "ina", 31 0, L_000001be43b90170;  alias, 1 drivers
v000001be43b2eef0_0 .net "inb", 31 0, L_000001be43b90350;  alias, 1 drivers
v000001be43b2ef90_0 .net "opcode", 4 0, L_000001be43b90d50;  alias, 1 drivers
v000001be43b2f3f0_0 .var "out", 31 0;
v000001be43b2f0d0_0 .net "rst", 0 0, v000001be43b90cb0_0;  alias, 1 drivers
E_000001be43b26120 .event posedge, v000001be43b2e8b0_0;
S_000001be43b05bc0 .scope module, "u2" "register_file" 3 73, 5 9 0, S_000001be43b2de90;
 .timescale -9 -12;
    .port_info 0 /INPUT 1 "load_enable";
    .port_info 1 /INPUT 5 "DA";
    .port_info 2 /OUTPUT 32 "BusA";
    .port_info 3 /OUTPUT 32 "BusB";
    .port_info 4 /INPUT 32 "BusD";
    .port_info 5 /INPUT 5 "Aselcect";
    .port_info 6 /INPUT 5 "Bselect";
    .port_info 7 /INPUT 1 "RL";
    .port_info 8 /INPUT 1 "clk";
    .port_info 9 /INPUT 1 "rst";
v000001be43b2f170_0 .net "Aselcect", 4 0, L_000001be43b91110;  alias, 1 drivers
v000001be43b2f710_0 .net "Bselect", 4 0, L_000001be43b91c50;  1 drivers
v000001be43b2f530_0 .var "BusA", 31 0;
v000001be43b2f670_0 .var "BusB", 31 0;
v000001be43b2edb0_0 .net "BusD", 31 0, L_000001be43b91a70;  alias, 1 drivers
v000001be43b2f2b0_0 .net "DA", 4 0, L_000001be43b905d0;  alias, 1 drivers
v000001be43b2f5d0_0 .net "RL", 0 0, v000001be43b8b400_0;  alias, 1 drivers
v000001be43b2f210_0 .net "clk", 0 0, v000001be43b8d2a0_0;  alias, 1 drivers
v000001be43b2ed10_0 .var/i "i", 31 0;
v000001be43b2eb30_0 .net "load_enable", 0 0, v000001be43b8b400_0;  alias, 1 drivers
v000001be43b2f350 .array "registers", 0 31, 31 0;
v000001be43b2ebd0_0 .net "rst", 0 0, v000001be43b90cb0_0;  alias, 1 drivers
v000001be43b2f350_0 .array/port v000001be43b2f350, 0;
v000001be43b2f350_1 .array/port v000001be43b2f350, 1;
v000001be43b2f350_2 .array/port v000001be43b2f350, 2;
E_000001be43b261a0/0 .event anyedge, v000001be43b2f170_0, v000001be43b2f350_0, v000001be43b2f350_1, v000001be43b2f350_2;
v000001be43b2f350_3 .array/port v000001be43b2f350, 3;
v000001be43b2f350_4 .array/port v000001be43b2f350, 4;
v000001be43b2f350_5 .array/port v000001be43b2f350, 5;
v000001be43b2f350_6 .array/port v000001be43b2f350, 6;
E_000001be43b261a0/1 .event anyedge, v000001be43b2f350_3, v000001be43b2f350_4, v000001be43b2f350_5, v000001be43b2f350_6;
v000001be43b2f350_7 .array/port v000001be43b2f350, 7;
v000001be43b2f350_8 .array/port v000001be43b2f350, 8;
v000001be43b2f350_9 .array/port v000001be43b2f350, 9;
v000001be43b2f350_10 .array/port v000001be43b2f350, 10;
E_000001be43b261a0/2 .event anyedge, v000001be43b2f350_7, v000001be43b2f350_8, v000001be43b2f350_9, v000001be43b2f350_10;
v000001be43b2f350_11 .array/port v000001be43b2f350, 11;
v000001be43b2f350_12 .array/port v000001be43b2f350, 12;
v000001be43b2f350_13 .array/port v000001be43b2f350, 13;
v000001be43b2f350_14 .array/port v000001be43b2f350, 14;
E_000001be43b261a0/3 .event anyedge, v000001be43b2f350_11, v000001be43b2f350_12, v000001be43b2f350_13, v000001be43b2f350_14;
v000001be43b2f350_15 .array/port v000001be43b2f350, 15;
v000001be43b2f350_16 .array/port v000001be43b2f350, 16;
v000001be43b2f350_17 .array/port v000001be43b2f350, 17;
v000001be43b2f350_18 .array/port v000001be43b2f350, 18;
E_000001be43b261a0/4 .event anyedge, v000001be43b2f350_15, v000001be43b2f350_16, v000001be43b2f350_17, v000001be43b2f350_18;
v000001be43b2f350_19 .array/port v000001be43b2f350, 19;
v000001be43b2f350_20 .array/port v000001be43b2f350, 20;
v000001be43b2f350_21 .array/port v000001be43b2f350, 21;
v000001be43b2f350_22 .array/port v000001be43b2f350, 22;
E_000001be43b261a0/5 .event anyedge, v000001be43b2f350_19, v000001be43b2f350_20, v000001be43b2f350_21, v000001be43b2f350_22;
v000001be43b2f350_23 .array/port v000001be43b2f350, 23;
v000001be43b2f350_24 .array/port v000001be43b2f350, 24;
v000001be43b2f350_25 .array/port v000001be43b2f350, 25;
v000001be43b2f350_26 .array/port v000001be43b2f350, 26;
E_000001be43b261a0/6 .event anyedge, v000001be43b2f350_23, v000001be43b2f350_24, v000001be43b2f350_25, v000001be43b2f350_26;
v000001be43b2f350_27 .array/port v000001be43b2f350, 27;
v000001be43b2f350_28 .array/port v000001be43b2f350, 28;
v000001be43b2f350_29 .array/port v000001be43b2f350, 29;
v000001be43b2f350_30 .array/port v000001be43b2f350, 30;
E_000001be43b261a0/7 .event anyedge, v000001be43b2f350_27, v000001be43b2f350_28, v000001be43b2f350_29, v000001be43b2f350_30;
v000001be43b2f350_31 .array/port v000001be43b2f350, 31;
E_000001be43b261a0/8 .event anyedge, v000001be43b2f350_31, v000001be43b2f710_0;
E_000001be43b261a0 .event/or E_000001be43b261a0/0, E_000001be43b261a0/1, E_000001be43b261a0/2, E_000001be43b261a0/3, E_000001be43b261a0/4, E_000001be43b261a0/5, E_000001be43b261a0/6, E_000001be43b261a0/7, E_000001be43b261a0/8;
S_000001be43ae2940 .scope module, "u3" "Decoder" 3 86, 6 20 0, S_000001be43b2de90;
 .timescale -12 -12;
    .port_info 0 /INPUT 49 "instructionline";
    .port_info 1 /OUTPUT 5 "opcode";
    .port_info 2 /OUTPUT 2 "mode";
    .port_info 3 /OUTPUT 5 "rd";
    .port_info 4 /OUTPUT 5 "rsA";
    .port_info 5 /OUTPUT 32 "immediate";
    .port_info 6 /OUTPUT 1 "rLoad";
    .port_info 7 /OUTPUT 1 "aMux";
    .port_info 8 /OUTPUT 1 "bMux";
    .port_info 9 /OUTPUT 1 "oMux";
    .port_info 10 /OUTPUT 1 "memWrite";
    .port_info 11 /OUTPUT 1 "branch";
v000001be43b2e9f0_0 .var "aMux", 0 0;
v000001be43b8b720_0 .var "bMux", 0 0;
v000001be43b8b540_0 .var "branch", 0 0;
v000001be43b8bd60_0 .net "immediate", 31 0, L_000001be43b90670;  alias, 1 drivers
v000001be43b8c300_0 .net "instructionline", 48 0, v000001be43b8ba40_0;  1 drivers
v000001be43b8cb20_0 .var "memWrite", 0 0;
v000001be43b8cf80_0 .net "mode", 1 0, L_000001be43b91f70;  alias, 1 drivers
v000001be43b8cbc0_0 .var "oMux", 0 0;
v000001be43b8c8a0_0 .net "opcode", 4 0, L_000001be43b90d50;  alias, 1 drivers
v000001be43b8b400_0 .var "rLoad", 0 0;
v000001be43b8cda0_0 .net "rd", 4 0, L_000001be43b905d0;  alias, 1 drivers
v000001be43b8bf40_0 .net "rsA", 4 0, L_000001be43b91110;  alias, 1 drivers
E_000001be43b256a0 .event anyedge, v000001be43b2ef90_0, v000001be43b8cf80_0;
L_000001be43b90d50 .part v000001be43b8ba40_0, 44, 5;
L_000001be43b91f70 .part v000001be43b8ba40_0, 42, 2;
L_000001be43b91110 .part v000001be43b8ba40_0, 37, 5;
L_000001be43b905d0 .part v000001be43b8ba40_0, 32, 5;
L_000001be43b90670 .part v000001be43b8ba40_0, 0, 32;
    .scope S_000001be43b05a30;
T_0 ;
    %wait E_000001be43b26120;
    %load/vec4 v000001be43b2f0d0_0;
    %pad/u 32;
    %cmpi/e 1, 0, 32;
    %jmp/0xz  T_0.0, 4;
    %pushi/vec4 0, 0, 32;
    %store/vec4 v000001be43b2f3f0_0, 0, 32;
    %pushi/vec4 0, 0, 1;
    %store/vec4 v000001be43b2e950_0, 0, 1;
    %pushi/vec4 0, 0, 1;
    %store/vec4 v000001be43b2ea90_0, 0, 1;
    %pushi/vec4 0, 0, 1;
    %store/vec4 v000001be43b2ee50_0, 0, 1;
    %pushi/vec4 0, 0, 1;
    %store/vec4 v000001be43b2f030_0, 0, 1;
    %jmp T_0.1;
T_0.0 ;
    %load/vec4 v000001be43b2ef90_0;
    %dup/vec4;
    %pushi/vec4 1, 0, 5;
    %cmp/u;
    %jmp/1 T_0.2, 6;
    %dup/vec4;
    %pushi/vec4 3, 0, 5;
    %cmp/u;
    %jmp/1 T_0.3, 6;
    %dup/vec4;
    %pushi/vec4 4, 0, 5;
    %cmp/u;
    %jmp/1 T_0.4, 6;
    %dup/vec4;
    %pushi/vec4 5, 0, 5;
    %cmp/u;
    %jmp/1 T_0.5, 6;
    %dup/vec4;
    %pushi/vec4 6, 0, 5;
    %cmp/u;
    %jmp/1 T_0.6, 6;
    %dup/vec4;
    %pushi/vec4 7, 0, 5;
    %cmp/u;
    %jmp/1 T_0.7, 6;
    %dup/vec4;
    %pushi/vec4 8, 0, 5;
    %cmp/u;
    %jmp/1 T_0.8, 6;
    %dup/vec4;
    %pushi/vec4 9, 0, 5;
    %cmp/u;
    %jmp/1 T_0.9, 6;
    %dup/vec4;
    %pushi/vec4 10, 0, 5;
    %cmp/u;
    %jmp/1 T_0.10, 6;
    %jmp T_0.12;
T_0.2 ;
    %load/vec4 v000001be43b2f490_0;
    %store/vec4 v000001be43b2f3f0_0, 0, 32;
    %pushi/vec4 0, 0, 1;
    %store/vec4 v000001be43b2e950_0, 0, 1;
    %pushi/vec4 0, 0, 1;
    %store/vec4 v000001be43b2ea90_0, 0, 1;
    %pushi/vec4 0, 0, 1;
    %store/vec4 v000001be43b2ee50_0, 0, 1;
    %pushi/vec4 0, 0, 1;
    %store/vec4 v000001be43b2f030_0, 0, 1;
    %jmp T_0.12;
T_0.3 ;
    %load/vec4 v000001be43b2f490_0;
    %load/vec4 v000001be43b2eef0_0;
    %add;
    %store/vec4 v000001be43b2f3f0_0, 0, 32;
    %load/vec4 v000001be43b2f3f0_0;
    %pushi/vec4 0, 0, 32;
    %cmp/e;
    %flag_get/vec4 4;
    %store/vec4 v000001be43b2e950_0, 0, 1;
    %load/vec4 v000001be43b2f3f0_0;
    %parti/s 1, 31, 6;
    %store/vec4 v000001be43b2ea90_0, 0, 1;
    %pushi/vec4 4294967295, 0, 32;
    %load/vec4 v000001be43b2eef0_0;
    %sub;
    %load/vec4 v000001be43b2f490_0;
    %cmp/u;
    %flag_get/vec4 5;
    %store/vec4 v000001be43b2ee50_0, 0, 1;
    %load/vec4 v000001be43b2f490_0;
    %parti/s 1, 31, 6;
    %load/vec4 v000001be43b2eef0_0;
    %parti/s 1, 31, 6;
    %cmp/e;
    %flag_get/vec4 4;
    %jmp/0 T_0.13, 4;
    %load/vec4 v000001be43b2f3f0_0;
    %parti/s 1, 31, 6;
    %load/vec4 v000001be43b2f490_0;
    %parti/s 1, 31, 6;
    %cmp/ne;
    %flag_get/vec4 4;
    %and;
T_0.13;
    %store/vec4 v000001be43b2f030_0, 0, 1;
    %jmp T_0.12;
T_0.4 ;
    %load/vec4 v000001be43b2f490_0;
    %load/vec4 v000001be43b2eef0_0;
    %sub;
    %store/vec4 v000001be43b2f3f0_0, 0, 32;
    %load/vec4 v000001be43b2f3f0_0;
    %pushi/vec4 0, 0, 32;
    %cmp/e;
    %flag_get/vec4 4;
    %store/vec4 v000001be43b2e950_0, 0, 1;
    %load/vec4 v000001be43b2f3f0_0;
    %parti/s 1, 31, 6;
    %store/vec4 v000001be43b2ea90_0, 0, 1;
    %load/vec4 v000001be43b2f490_0;
    %load/vec4 v000001be43b2eef0_0;
    %cmp/u;
    %flag_get/vec4 5;
    %store/vec4 v000001be43b2ee50_0, 0, 1;
    %load/vec4 v000001be43b2f490_0;
    %parti/s 1, 31, 6;
    %load/vec4 v000001be43b2eef0_0;
    %parti/s 1, 31, 6;
    %cmp/ne;
    %flag_get/vec4 4;
    %jmp/0 T_0.14, 4;
    %load/vec4 v000001be43b2f3f0_0;
    %parti/s 1, 31, 6;
    %load/vec4 v000001be43b2f490_0;
    %parti/s 1, 31, 6;
    %cmp/ne;
    %flag_get/vec4 4;
    %and;
T_0.14;
    %store/vec4 v000001be43b2f030_0, 0, 1;
    %jmp T_0.12;
T_0.5 ;
    %load/vec4 v000001be43b2f490_0;
    %load/vec4 v000001be43b2eef0_0;
    %and;
    %store/vec4 v000001be43b2f3f0_0, 0, 32;
    %load/vec4 v000001be43b2f3f0_0;
    %pushi/vec4 0, 0, 32;
    %cmp/e;
    %flag_get/vec4 4;
    %store/vec4 v000001be43b2e950_0, 0, 1;
    %pushi/vec4 0, 0, 1;
    %store/vec4 v000001be43b2ea90_0, 0, 1;
    %pushi/vec4 0, 0, 1;
    %store/vec4 v000001be43b2ee50_0, 0, 1;
    %pushi/vec4 0, 0, 1;
    %store/vec4 v000001be43b2f030_0, 0, 1;
    %jmp T_0.12;
T_0.6 ;
    %load/vec4 v000001be43b2f490_0;
    %load/vec4 v000001be43b2eef0_0;
    %or;
    %store/vec4 v000001be43b2f3f0_0, 0, 32;
    %load/vec4 v000001be43b2f3f0_0;
    %pushi/vec4 0, 0, 32;
    %cmp/e;
    %flag_get/vec4 4;
    %store/vec4 v000001be43b2e950_0, 0, 1;
    %pushi/vec4 0, 0, 1;
    %store/vec4 v000001be43b2ea90_0, 0, 1;
    %pushi/vec4 0, 0, 1;
    %store/vec4 v000001be43b2ee50_0, 0, 1;
    %pushi/vec4 0, 0, 1;
    %store/vec4 v000001be43b2f030_0, 0, 1;
    %jmp T_0.12;
T_0.7 ;
    %load/vec4 v000001be43b2f490_0;
    %load/vec4 v000001be43b2eef0_0;
    %xor;
    %store/vec4 v000001be43b2f3f0_0, 0, 32;
    %load/vec4 v000001be43b2f3f0_0;
    %pushi/vec4 0, 0, 32;
    %cmp/e;
    %flag_get/vec4 4;
    %store/vec4 v000001be43b2e950_0, 0, 1;
    %pushi/vec4 0, 0, 1;
    %store/vec4 v000001be43b2ea90_0, 0, 1;
    %pushi/vec4 0, 0, 1;
    %store/vec4 v000001be43b2ee50_0, 0, 1;
    %pushi/vec4 0, 0, 1;
    %store/vec4 v000001be43b2f030_0, 0, 1;
    %jmp T_0.12;
T_0.8 ;
    %load/vec4 v000001be43b2f490_0;
    %inv;
    %store/vec4 v000001be43b2f3f0_0, 0, 32;
    %load/vec4 v000001be43b2f3f0_0;
    %pushi/vec4 0, 0, 32;
    %cmp/e;
    %flag_get/vec4 4;
    %store/vec4 v000001be43b2e950_0, 0, 1;
    %pushi/vec4 0, 0, 1;
    %store/vec4 v000001be43b2ea90_0, 0, 1;
    %pushi/vec4 0, 0, 1;
    %store/vec4 v000001be43b2ee50_0, 0, 1;
    %pushi/vec4 0, 0, 1;
    %store/vec4 v000001be43b2f030_0, 0, 1;
    %jmp T_0.12;
T_0.9 ;
    %load/vec4 v000001be43b2f490_0;
    %ix/getv 4, v000001be43b2eef0_0;
    %shiftl 4;
    %store/vec4 v000001be43b2f3f0_0, 0, 32;
    %load/vec4 v000001be43b2f3f0_0;
    %pushi/vec4 0, 0, 32;
    %cmp/e;
    %flag_get/vec4 4;
    %store/vec4 v000001be43b2e950_0, 0, 1;
    %load/vec4 v000001be43b2f490_0;
    %parti/s 1, 31, 6;
    %flag_set/vec4 8;
    %flag_get/vec4 8;
    %jmp/0 T_0.15, 8;
    %load/vec4 v000001be43b2eef0_0;
    %pushi/vec4 0, 0, 32;
    %cmp/ne;
    %flag_get/vec4 4;
    %and;
T_0.15;
    %store/vec4 v000001be43b2ee50_0, 0, 1;
    %pushi/vec4 0, 0, 1;
    %store/vec4 v000001be43b2ea90_0, 0, 1;
    %pushi/vec4 0, 0, 1;
    %store/vec4 v000001be43b2f030_0, 0, 1;
    %jmp T_0.12;
T_0.10 ;
    %load/vec4 v000001be43b2f490_0;
    %ix/getv 4, v000001be43b2eef0_0;
    %shiftr 4;
    %store/vec4 v000001be43b2f3f0_0, 0, 32;
    %load/vec4 v000001be43b2f3f0_0;
    %pushi/vec4 0, 0, 32;
    %cmp/e;
    %flag_get/vec4 4;
    %store/vec4 v000001be43b2e950_0, 0, 1;
    %pushi/vec4 0, 0, 1;
    %store/vec4 v000001be43b2ee50_0, 0, 1;
    %pushi/vec4 0, 0, 1;
    %store/vec4 v000001be43b2ea90_0, 0, 1;
    %pushi/vec4 0, 0, 1;
    %store/vec4 v000001be43b2f030_0, 0, 1;
    %jmp T_0.12;
T_0.12 ;
    %pop/vec4 1;
T_0.1 ;
    %jmp T_0;
    .thread T_0;
    .scope S_000001be43b05bc0;
T_1 ;
    %wait E_000001be43b26120;
    %load/vec4 v000001be43b2f5d0_0;
    %pad/u 32;
    %cmpi/e 1, 0, 32;
    %flag_get/vec4 4;
    %jmp/0 T_1.2, 4;
    %load/vec4 v000001be43b2eb30_0;
    %pad/u 32;
    %pushi/vec4 1, 0, 32;
    %cmp/e;
    %flag_get/vec4 4;
    %and;
T_1.2;
    %flag_set/vec4 8;
    %jmp/0xz  T_1.0, 8;
    %load/vec4 v000001be43b2edb0_0;
    %load/vec4 v000001be43b2f2b0_0;
    %pad/u 7;
    %ix/vec4 3;
    %ix/load 4, 0, 0; Constant delay
    %assign/vec4/a/d v000001be43b2f350, 0, 4;
T_1.0 ;
    %jmp T_1;
    .thread T_1;
    .scope S_000001be43b05bc0;
T_2 ;
    %wait E_000001be43b261a0;
    %load/vec4 v000001be43b2f170_0;
    %pad/u 7;
    %ix/vec4 4;
    %load/vec4a v000001be43b2f350, 4;
    %store/vec4 v000001be43b2f530_0, 0, 32;
    %load/vec4 v000001be43b2f710_0;
    %pad/u 7;
    %ix/vec4 4;
    %load/vec4a v000001be43b2f350, 4;
    %store/vec4 v000001be43b2f670_0, 0, 32;
    %jmp T_2;
    .thread T_2, $push;
    .scope S_000001be43b05bc0;
T_3 ;
    %pushi/vec4 0, 0, 32;
    %store/vec4 v000001be43b2ed10_0, 0, 32;
T_3.0 ;
    %load/vec4 v000001be43b2ed10_0;
    %cmpi/s 32, 0, 32;
    %jmp/0xz T_3.1, 5;
    %pushi/vec4 0, 0, 32;
    %ix/getv/s 4, v000001be43b2ed10_0;
    %store/vec4a v000001be43b2f350, 4, 0;
    %load/vec4 v000001be43b2ed10_0;
    %addi 1, 0, 32;
    %store/vec4 v000001be43b2ed10_0, 0, 32;
    %jmp T_3.0;
T_3.1 ;
    %end;
    .thread T_3;
    .scope S_000001be43ae2940;
T_4 ;
    %wait E_000001be43b256a0;
    %pushi/vec4 0, 0, 1;
    %store/vec4 v000001be43b8b400_0, 0, 1;
    %pushi/vec4 0, 0, 1;
    %store/vec4 v000001be43b2e9f0_0, 0, 1;
    %pushi/vec4 0, 0, 1;
    %store/vec4 v000001be43b8b720_0, 0, 1;
    %pushi/vec4 0, 0, 1;
    %store/vec4 v000001be43b8cbc0_0, 0, 1;
    %pushi/vec4 0, 0, 1;
    %store/vec4 v000001be43b8cb20_0, 0, 1;
    %pushi/vec4 0, 0, 1;
    %store/vec4 v000001be43b8b540_0, 0, 1;
    %load/vec4 v000001be43b8c8a0_0;
    %dup/vec4;
    %pushi/vec4 1, 0, 5;
    %cmp/u;
    %jmp/1 T_4.0, 6;
    %dup/vec4;
    %pushi/vec4 2, 0, 5;
    %cmp/u;
    %jmp/1 T_4.1, 6;
    %dup/vec4;
    %pushi/vec4 3, 0, 5;
    %cmp/u;
    %jmp/1 T_4.2, 6;
    %dup/vec4;
    %pushi/vec4 4, 0, 5;
    %cmp/u;
    %jmp/1 T_4.3, 6;
    %dup/vec4;
    %pushi/vec4 5, 0, 5;
    %cmp/u;
    %jmp/1 T_4.4, 6;
    %dup/vec4;
    %pushi/vec4 6, 0, 5;
    %cmp/u;
    %jmp/1 T_4.5, 6;
    %dup/vec4;
    %pushi/vec4 7, 0, 5;
    %cmp/u;
    %jmp/1 T_4.6, 6;
    %dup/vec4;
    %pushi/vec4 8, 0, 5;
    %cmp/u;
    %jmp/1 T_4.7, 6;
    %dup/vec4;
    %pushi/vec4 9, 0, 5;
    %cmp/u;
    %jmp/1 T_4.8, 6;
    %dup/vec4;
    %pushi/vec4 10, 0, 5;
    %cmp/u;
    %jmp/1 T_4.9, 6;
    %dup/vec4;
    %pushi/vec4 16, 0, 5;
    %cmp/u;
    %jmp/1 T_4.10, 6;
    %dup/vec4;
    %pushi/vec4 17, 0, 5;
    %cmp/u;
    %jmp/1 T_4.11, 6;
    %dup/vec4;
    %pushi/vec4 18, 0, 5;
    %cmp/u;
    %jmp/1 T_4.12, 6;
    %pushi/vec4 0, 0, 1;
    %store/vec4 v000001be43b8b400_0, 0, 1;
    %pushi/vec4 0, 0, 1;
    %store/vec4 v000001be43b2e9f0_0, 0, 1;
    %pushi/vec4 0, 0, 1;
    %store/vec4 v000001be43b8b720_0, 0, 1;
    %pushi/vec4 0, 0, 1;
    %store/vec4 v000001be43b8cbc0_0, 0, 1;
    %pushi/vec4 0, 0, 1;
    %store/vec4 v000001be43b8cb20_0, 0, 1;
    %pushi/vec4 0, 0, 1;
    %store/vec4 v000001be43b8b540_0, 0, 1;
    %jmp T_4.14;
T_4.0 ;
    %load/vec4 v000001be43b8cf80_0;
    %cmpi/e 0, 0, 2;
    %jmp/0xz  T_4.15, 4;
    %pushi/vec4 1, 0, 1;
    %store/vec4 v000001be43b8b400_0, 0, 1;
    %pushi/vec4 1, 0, 1;
    %store/vec4 v000001be43b2e9f0_0, 0, 1;
    %pushi/vec4 0, 0, 1;
    %store/vec4 v000001be43b8b720_0, 0, 1;
    %pushi/vec4 0, 0, 1;
    %store/vec4 v000001be43b8cbc0_0, 0, 1;
    %pushi/vec4 0, 0, 1;
    %store/vec4 v000001be43b8cb20_0, 0, 1;
    %jmp T_4.16;
T_4.15 ;
    %load/vec4 v000001be43b8cf80_0;
    %cmpi/e 1, 0, 2;
    %jmp/0xz  T_4.17, 4;
    %pushi/vec4 1, 0, 1;
    %store/vec4 v000001be43b8b400_0, 0, 1;
    %pushi/vec4 1, 0, 1;
    %store/vec4 v000001be43b2e9f0_0, 0, 1;
    %pushi/vec4 0, 0, 1;
    %store/vec4 v000001be43b8b720_0, 0, 1;
    %pushi/vec4 1, 0, 1;
    %store/vec4 v000001be43b8cbc0_0, 0, 1;
    %pushi/vec4 0, 0, 1;
    %store/vec4 v000001be43b8cb20_0, 0, 1;
T_4.17 ;
T_4.16 ;
    %jmp T_4.14;
T_4.1 ;
    %pushi/vec4 0, 0, 1;
    %store/vec4 v000001be43b8b400_0, 0, 1;
    %pushi/vec4 0, 0, 1;
    %store/vec4 v000001be43b2e9f0_0, 0, 1;
    %pushi/vec4 0, 0, 1;
    %store/vec4 v000001be43b8b720_0, 0, 1;
    %pushi/vec4 0, 0, 1;
    %store/vec4 v000001be43b8cbc0_0, 0, 1;
    %pushi/vec4 1, 0, 1;
    %store/vec4 v000001be43b8cb20_0, 0, 1;
    %jmp T_4.14;
T_4.2 ;
    %pushi/vec4 1, 0, 1;
    %store/vec4 v000001be43b8b400_0, 0, 1;
    %pushi/vec4 0, 0, 1;
    %store/vec4 v000001be43b2e9f0_0, 0, 1;
    %load/vec4 v000001be43b8cf80_0;
    %cmpi/e 0, 0, 2;
    %flag_mov 8, 4;
    %jmp/0 T_4.19, 8;
    %pushi/vec4 1, 0, 2;
    %jmp/1 T_4.20, 8;
T_4.19 ; End of true expr.
    %pushi/vec4 0, 0, 2;
    %jmp/0 T_4.20, 8;
 ; End of false expr.
    %blend;
T_4.20;
    %pad/s 1;
    %store/vec4 v000001be43b8b720_0, 0, 1;
    %pushi/vec4 0, 0, 1;
    %store/vec4 v000001be43b8cbc0_0, 0, 1;
    %pushi/vec4 0, 0, 1;
    %store/vec4 v000001be43b8cb20_0, 0, 1;
    %jmp T_4.14;
T_4.3 ;
    %pushi/vec4 1, 0, 1;
    %store/vec4 v000001be43b8b400_0, 0, 1;
    %pushi/vec4 0, 0, 1;
    %store/vec4 v000001be43b2e9f0_0, 0, 1;
    %load/vec4 v000001be43b8cf80_0;
    %cmpi/e 0, 0, 2;
    %flag_mov 8, 4;
    %jmp/0 T_4.21, 8;
    %pushi/vec4 1, 0, 2;
    %jmp/1 T_4.22, 8;
T_4.21 ; End of true expr.
    %pushi/vec4 0, 0, 2;
    %jmp/0 T_4.22, 8;
 ; End of false expr.
    %blend;
T_4.22;
    %pad/s 1;
    %store/vec4 v000001be43b8b720_0, 0, 1;
    %pushi/vec4 0, 0, 1;
    %store/vec4 v000001be43b8cbc0_0, 0, 1;
    %pushi/vec4 0, 0, 1;
    %store/vec4 v000001be43b8cb20_0, 0, 1;
    %jmp T_4.14;
T_4.4 ;
    %pushi/vec4 1, 0, 1;
    %store/vec4 v000001be43b8b400_0, 0, 1;
    %pushi/vec4 0, 0, 1;
    %store/vec4 v000001be43b2e9f0_0, 0, 1;
    %load/vec4 v000001be43b8cf80_0;
    %cmpi/e 0, 0, 2;
    %flag_mov 8, 4;
    %jmp/0 T_4.23, 8;
    %pushi/vec4 1, 0, 2;
    %jmp/1 T_4.24, 8;
T_4.23 ; End of true expr.
    %pushi/vec4 0, 0, 2;
    %jmp/0 T_4.24, 8;
 ; End of false expr.
    %blend;
T_4.24;
    %pad/s 1;
    %store/vec4 v000001be43b8b720_0, 0, 1;
    %pushi/vec4 0, 0, 1;
    %store/vec4 v000001be43b8cbc0_0, 0, 1;
    %pushi/vec4 0, 0, 1;
    %store/vec4 v000001be43b8cb20_0, 0, 1;
    %jmp T_4.14;
T_4.5 ;
    %pushi/vec4 1, 0, 1;
    %store/vec4 v000001be43b8b400_0, 0, 1;
    %pushi/vec4 0, 0, 1;
    %store/vec4 v000001be43b2e9f0_0, 0, 1;
    %load/vec4 v000001be43b8cf80_0;
    %cmpi/e 0, 0, 2;
    %flag_mov 8, 4;
    %jmp/0 T_4.25, 8;
    %pushi/vec4 1, 0, 2;
    %jmp/1 T_4.26, 8;
T_4.25 ; End of true expr.
    %pushi/vec4 0, 0, 2;
    %jmp/0 T_4.26, 8;
 ; End of false expr.
    %blend;
T_4.26;
    %pad/s 1;
    %store/vec4 v000001be43b8b720_0, 0, 1;
    %pushi/vec4 0, 0, 1;
    %store/vec4 v000001be43b8cbc0_0, 0, 1;
    %pushi/vec4 0, 0, 1;
    %store/vec4 v000001be43b8cb20_0, 0, 1;
    %jmp T_4.14;
T_4.6 ;
    %pushi/vec4 1, 0, 1;
    %store/vec4 v000001be43b8b400_0, 0, 1;
    %pushi/vec4 0, 0, 1;
    %store/vec4 v000001be43b2e9f0_0, 0, 1;
    %load/vec4 v000001be43b8cf80_0;
    %cmpi/e 0, 0, 2;
    %flag_mov 8, 4;
    %jmp/0 T_4.27, 8;
    %pushi/vec4 1, 0, 2;
    %jmp/1 T_4.28, 8;
T_4.27 ; End of true expr.
    %pushi/vec4 0, 0, 2;
    %jmp/0 T_4.28, 8;
 ; End of false expr.
    %blend;
T_4.28;
    %pad/s 1;
    %store/vec4 v000001be43b8b720_0, 0, 1;
    %pushi/vec4 0, 0, 1;
    %store/vec4 v000001be43b8cbc0_0, 0, 1;
    %pushi/vec4 0, 0, 1;
    %store/vec4 v000001be43b8cb20_0, 0, 1;
    %jmp T_4.14;
T_4.7 ;
    %pushi/vec4 1, 0, 1;
    %store/vec4 v000001be43b8b400_0, 0, 1;
    %pushi/vec4 0, 0, 1;
    %store/vec4 v000001be43b2e9f0_0, 0, 1;
    %pushi/vec4 0, 0, 1;
    %store/vec4 v000001be43b8b720_0, 0, 1;
    %pushi/vec4 0, 0, 1;
    %store/vec4 v000001be43b8cbc0_0, 0, 1;
    %pushi/vec4 0, 0, 1;
    %store/vec4 v000001be43b8cb20_0, 0, 1;
    %jmp T_4.14;
T_4.8 ;
    %pushi/vec4 1, 0, 1;
    %store/vec4 v000001be43b8b400_0, 0, 1;
    %pushi/vec4 0, 0, 1;
    %store/vec4 v000001be43b2e9f0_0, 0, 1;
    %load/vec4 v000001be43b8cf80_0;
    %cmpi/e 0, 0, 2;
    %flag_mov 8, 4;
    %jmp/0 T_4.29, 8;
    %pushi/vec4 1, 0, 2;
    %jmp/1 T_4.30, 8;
T_4.29 ; End of true expr.
    %pushi/vec4 0, 0, 2;
    %jmp/0 T_4.30, 8;
 ; End of false expr.
    %blend;
T_4.30;
    %pad/s 1;
    %store/vec4 v000001be43b8b720_0, 0, 1;
    %pushi/vec4 0, 0, 1;
    %store/vec4 v000001be43b8cbc0_0, 0, 1;
    %pushi/vec4 0, 0, 1;
    %store/vec4 v000001be43b8cb20_0, 0, 1;
    %jmp T_4.14;
T_4.9 ;
    %pushi/vec4 1, 0, 1;
    %store/vec4 v000001be43b8b400_0, 0, 1;
    %pushi/vec4 0, 0, 1;
    %store/vec4 v000001be43b2e9f0_0, 0, 1;
    %load/vec4 v000001be43b8cf80_0;
    %cmpi/e 0, 0, 2;
    %flag_mov 8, 4;
    %jmp/0 T_4.31, 8;
    %pushi/vec4 1, 0, 2;
    %jmp/1 T_4.32, 8;
T_4.31 ; End of true expr.
    %pushi/vec4 0, 0, 2;
    %jmp/0 T_4.32, 8;
 ; End of false expr.
    %blend;
T_4.32;
    %pad/s 1;
    %store/vec4 v000001be43b8b720_0, 0, 1;
    %pushi/vec4 0, 0, 1;
    %store/vec4 v000001be43b8cbc0_0, 0, 1;
    %pushi/vec4 0, 0, 1;
    %store/vec4 v000001be43b8cb20_0, 0, 1;
    %jmp T_4.14;
T_4.10 ;
    %pushi/vec4 0, 0, 1;
    %store/vec4 v000001be43b8b400_0, 0, 1;
    %pushi/vec4 0, 0, 1;
    %store/vec4 v000001be43b2e9f0_0, 0, 1;
    %pushi/vec4 0, 0, 1;
    %store/vec4 v000001be43b8b720_0, 0, 1;
    %pushi/vec4 0, 0, 1;
    %store/vec4 v000001be43b8cbc0_0, 0, 1;
    %pushi/vec4 0, 0, 1;
    %store/vec4 v000001be43b8cb20_0, 0, 1;
    %pushi/vec4 1, 0, 1;
    %store/vec4 v000001be43b8b540_0, 0, 1;
    %jmp T_4.14;
T_4.11 ;
    %pushi/vec4 0, 0, 1;
    %store/vec4 v000001be43b8b400_0, 0, 1;
    %pushi/vec4 0, 0, 1;
    %store/vec4 v000001be43b2e9f0_0, 0, 1;
    %pushi/vec4 0, 0, 1;
    %store/vec4 v000001be43b8b720_0, 0, 1;
    %pushi/vec4 0, 0, 1;
    %store/vec4 v000001be43b8cbc0_0, 0, 1;
    %pushi/vec4 0, 0, 1;
    %store/vec4 v000001be43b8cb20_0, 0, 1;
    %pushi/vec4 1, 0, 1;
    %store/vec4 v000001be43b8b540_0, 0, 1;
    %jmp T_4.14;
T_4.12 ;
    %pushi/vec4 0, 0, 1;
    %store/vec4 v000001be43b8b400_0, 0, 1;
    %pushi/vec4 0, 0, 1;
    %store/vec4 v000001be43b2e9f0_0, 0, 1;
    %pushi/vec4 0, 0, 1;
    %store/vec4 v000001be43b8b720_0, 0, 1;
    %pushi/vec4 0, 0, 1;
    %store/vec4 v000001be43b8cbc0_0, 0, 1;
    %pushi/vec4 0, 0, 1;
    %store/vec4 v000001be43b8cb20_0, 0, 1;
    %pushi/vec4 1, 0, 1;
    %store/vec4 v000001be43b8b540_0, 0, 1;
    %jmp T_4.14;
T_4.14 ;
    %pop/vec4 1;
    %jmp T_4;
    .thread T_4, $push;
    .scope S_000001be43b2de90;
T_5 ;
    %wait E_000001be43b25f20;
    %load/vec4 v000001be43b8bb80_0;
    %flag_set/vec4 8;
    %jmp/0xz  T_5.0, 8;
    %pushi/vec4 0, 0, 6;
    %assign/vec4 v000001be43b8cee0_0, 0;
    %pushi/vec4 0, 0, 49;
    %assign/vec4 v000001be43b8ba40_0, 0;
    %jmp T_5.1;
T_5.0 ;
    %load/vec4 v000001be43b8be00_0;
    %assign/vec4 v000001be43b8ba40_0, 0;
    %load/vec4 v000001be43b8c6c0_0;
    %flag_set/vec4 8;
    %jmp/0xz  T_5.2, 8;
    %load/vec4 v000001be43b8cee0_0;
    %load/vec4 v000001be43b8c120_0;
    %parti/s 6, 0, 2;
    %add;
    %assign/vec4 v000001be43b8cee0_0, 0;
    %jmp T_5.3;
T_5.2 ;
    %load/vec4 v000001be43b8cee0_0;
    %addi 1, 0, 6;
    %assign/vec4 v000001be43b8cee0_0, 0;
T_5.3 ;
T_5.1 ;
    %jmp T_5;
    .thread T_5;
    .scope S_000001be43b2b5f0;
T_6 ;
    %pushi/vec4 0, 0, 1;
    %store/vec4 v000001be43b8d2a0_0, 0, 1;
T_6.0 ;
    %delay 5000, 0;
    %load/vec4 v000001be43b8d2a0_0;
    %inv;
    %store/vec4 v000001be43b8d2a0_0, 0, 1;
    %jmp T_6.0;
    %end;
    .thread T_6;
    .scope S_000001be43b2b5f0;
T_7 ;
    %pushi/vec4 1, 0, 1;
    %store/vec4 v000001be43b90cb0_0, 0, 1;
    %pushi/vec4 0, 0, 32;
    %store/vec4 v000001be43b8c580_0, 0, 32;
T_7.0 ;
    %load/vec4 v000001be43b8c580_0;
    %cmpi/s 64, 0, 32;
    %jmp/0xz T_7.1, 5;
    %pushi/vec4 0, 0, 49;
    %ix/getv/s 4, v000001be43b8c580_0;
    %store/vec4a v000001be43b91930, 4, 0;
    %load/vec4 v000001be43b8c580_0;
    %addi 1, 0, 32;
    %store/vec4 v000001be43b8c580_0, 0, 32;
    %jmp T_7.0;
T_7.1 ;
    %pushi/vec4 2148007936, 0, 36;
    %concati/vec4 5, 0, 13;
    %ix/load 4, 0, 0;
    %flag_set/imm 4, 0;
    %store/vec4a v000001be43b91930, 4, 0;
    %pushi/vec4 2148532224, 0, 36;
    %concati/vec4 3, 0, 13;
    %ix/load 4, 1, 0;
    %flag_set/imm 4, 0;
    %store/vec4a v000001be43b91930, 4, 0;
    %pushi/vec4 3230400512, 0, 35;
    %concati/vec4 2, 0, 14;
    %ix/load 4, 2, 0;
    %flag_set/imm 4, 0;
    %store/vec4a v000001be43b91930, 4, 0;
    %pushi/vec4 2160590848, 0, 34;
    %concati/vec4 1, 0, 15;
    %ix/load 4, 3, 0;
    %flag_set/imm 4, 0;
    %store/vec4a v000001be43b91930, 4, 0;
    %pushi/vec4 2701787136, 0, 34;
    %concati/vec4 6, 0, 15;
    %ix/load 4, 4, 0;
    %flag_set/imm 4, 0;
    %store/vec4a v000001be43b91930, 4, 0;
    %pushi/vec4 3242983424, 0, 34;
    %concati/vec4 1, 0, 15;
    %ix/load 4, 5, 0;
    %flag_set/imm 4, 0;
    %store/vec4a v000001be43b91930, 4, 0;
    %pushi/vec4 3784179712, 0, 34;
    %concati/vec4 7, 0, 15;
    %ix/load 4, 6, 0;
    %flag_set/imm 4, 0;
    %store/vec4a v000001be43b91930, 4, 0;
    %pushi/vec4 2431123456, 0, 33;
    %concati/vec4 1, 0, 16;
    %ix/load 4, 7, 0;
    %flag_set/imm 4, 0;
    %store/vec4a v000001be43b91930, 4, 0;
    %pushi/vec4 2701721600, 0, 33;
    %concati/vec4 1, 0, 16;
    %ix/load 4, 8, 0;
    %flag_set/imm 4, 0;
    %store/vec4a v000001be43b91930, 4, 0;
    %pushi/vec4 2415919104, 0, 32;
    %concati/vec4 2, 0, 17;
    %ix/load 4, 9, 0;
    %flag_set/imm 4, 0;
    %store/vec4a v000001be43b91930, 4, 0;
    %pushi/vec4 2152726528, 0, 36;
    %concati/vec4 99, 0, 13;
    %ix/load 4, 10, 0;
    %flag_set/imm 4, 0;
    %store/vec4a v000001be43b91930, 4, 0;
    %pushi/vec4 2153250816, 0, 36;
    %concati/vec4 55, 0, 13;
    %ix/load 4, 11, 0;
    %flag_set/imm 4, 0;
    %store/vec4a v000001be43b91930, 4, 0;
    %pushi/vec4 2153775104, 0, 36;
    %concati/vec4 42, 0, 13;
    %ix/load 4, 12, 0;
    %flag_set/imm 4, 0;
    %store/vec4a v000001be43b91930, 4, 0;
    %delay 12000, 0;
    %pushi/vec4 0, 0, 1;
    %store/vec4 v000001be43b90cb0_0, 0, 1;
    %delay 160000, 0;
    %vpi_call 2 60 "$finish" {0 0 0};
    %end;
    .thread T_7;
    .scope S_000001be43b2b5f0;
T_8 ;
    %wait E_000001be43b256e0;
    %load/vec4 v000001be43b8c4e0_0;
    %pad/u 8;
    %ix/vec4 4;
    %load/vec4a v000001be43b91930, 4;
    %store/vec4 v000001be43b8c800_0, 0, 49;
    %jmp T_8;
    .thread T_8, $push;
    .scope S_000001be43b2b5f0;
T_9 ;
    %wait E_000001be43b25420;
    %load/vec4 v000001be43b8d0c0_0;
    %dup/vec4;
    %pushi/vec4 0, 0, 32;
    %cmp/u;
    %jmp/1 T_9.0, 6;
    %dup/vec4;
    %pushi/vec4 1, 0, 32;
    %cmp/u;
    %jmp/1 T_9.1, 6;
    %pushi/vec4 0, 0, 32;
    %store/vec4 v000001be43b8bcc0_0, 0, 32;
    %jmp T_9.3;
T_9.0 ;
    %pushi/vec4 17, 0, 32;
    %store/vec4 v000001be43b8bcc0_0, 0, 32;
    %jmp T_9.3;
T_9.1 ;
    %pushi/vec4 34, 0, 32;
    %store/vec4 v000001be43b8bcc0_0, 0, 32;
    %jmp T_9.3;
T_9.3 ;
    %pop/vec4 1;
    %jmp T_9;
    .thread T_9, $push;
    .scope S_000001be43b2b5f0;
T_10 ;
    %vpi_call 2 76 "$display", "time\011clk\011rst\011pc\011rom_word\011\011ir\011\011rd\011load\011alu_result\011write_data\011write_en" {0 0 0};
    %vpi_call 2 77 "$monitor", "%0t\011%b\011%b\011%0d\011%h\011%h\011%0d\011%b\011%h\011%h\011%b", $time, v000001be43b8d2a0_0, v000001be43b90cb0_0, v000001be43b8c4e0_0, v000001be43b8c800_0, v000001be43b8ba40_0, v000001be43b8c1c0_0, v000001be43b8d160_0, v000001be43b8c080_0, v000001be43b8bc20_0, v000001be43b8bfe0_0 {0 0 0};
    %end;
    .thread T_10;
    .scope S_000001be43b2b5f0;
T_11 ;
    %wait E_000001be43b260e0;
    %load/vec4 v000001be43b90cb0_0;
    %nor/r;
    %flag_set/vec4 8;
    %jmp/0xz  T_11.0, 8;
    %vpi_call 2 85 "$display", "DBG : ir=%h rd=%0d rs1=%0d imm=%0d load=%b bus_a=%0d bus_b=%0d alu=%0d write=%0d", v000001be43b8ba40_0, v000001be43b8c1c0_0, v000001be43b8c3a0_0, v000001be43b8c120_0, v000001be43b8d160_0, v000001be43b8c9e0_0, v000001be43b8b680_0, v000001be43b8c080_0, v000001be43b8bc20_0 {0 0 0};
    %vpi_call 2 88 "$display", "REGS: R1=%0d R2=%0d R3=%0d R4=%0d R5=%0d R6=%0d R7=%0d R8=%0d R9=%0d R10=%0d R12=%0d", &A<v000001be43b2f350, 1>, &A<v000001be43b2f350, 2>, &A<v000001be43b2f350, 3>, &A<v000001be43b2f350, 4>, &A<v000001be43b2f350, 5>, &A<v000001be43b2f350, 6>, &A<v000001be43b2f350, 7>, &A<v000001be43b2f350, 8>, &A<v000001be43b2f350, 9>, &A<v000001be43b2f350, 10>, &A<v000001be43b2f350, 12> {0 0 0};
T_11.0 ;
    %jmp T_11;
    .thread T_11;
# The file index is used to find the file name in the following table.
:file_names 7;
    "N/A";
    "<interactive>";
    "c:\Shared_drive_for_ECE_4375\CPU\CPU_tb.v";
    "c:\Shared_drive_for_ECE_4375\CPU\CPU.v";
    "c:\Shared_drive_for_ECE_4375\ALU\ALU.v";
    "c:\Shared_drive_for_ECE_4375\register_file.v";
    "c:\Shared_drive_for_ECE_4375\CPU\Decoder.v";
