ISim log file
Running: /home/ise/Shared_drive_for_ECE_4375/AbdulrahmaanLawal-ROM-Project4/my_rom_tb_isim_beh.exe -intstyle ise -gui -tclbatch isim.cmd -wdb /home/ise/Shared_drive_for_ECE_4375/AbdulrahmaanLawal-ROM-Project4/my_rom_tb_isim_beh.wdb 
ISim P.20131013 (signature 0xfbc00daa)
----------------------------------------------------------------------
INFO:Security:61 - The XILINXD_LICENSE_FILE environment variable is not set.
INFO:Security:63 - The LM_LICENSE_FILE environment variable is not set.
INFO:Security:68 - For more information or for assistance in obtaining 
 a license, please run the Xilinx License Configuration Manager
       (xlcm or "Manage Xilinx Licenses".)
INFO:Security:68a - user is ise, on host localhost.localdomain.
INFO:Security:15 - A feature for ISIM was found but is for the wrong hostid.
ERROR:Security:14 - No feature was available for 'ISIM'.

Invalid host.
 The hostid of this system does not match the hostid
 specified in the license file.
Feature:       ISIM
Hostid:        08002768c935
License path:  /home/ise/.Xilinx/Xilinx.lic:/opt/Xilinx/14.7/ISE_DS/ISE//data/*.lic:/opt/Xilinx/14.7/ISE_DS/ISE//coregen/core_licenses/Xilinx.lic:/opt/Xilinx/14.7/ISE_DS/ISE//coregen/core_licenses/XilinxFree.lic:/opt/Xilinx/14.7/ISE_DS/EDK/data/core_licenses/Xilinx.lic:
FLEXnet Licensing error:-9,57
For further information, refer to the FLEXnet Licensing documentation,
available at "www.flexerasoftware.com".
----------------------------------------------------------------------
WARNING: A full ISim License cannot be checked out due to the issues listed above. Please use Xilinx License Configuration Manager to fix these issues in order to check out a full ISim license.
WARNING: ISim will run in Lite mode. Please refer to the ISim documentation for more information on the differences between the Lite and the Full version.
This is a Lite version of ISim.
Time resolution is 1 ps
# onerror resume
# wave add /
# run 1000 ns
Simulator is doing circuit initialization process.
 Block Memory Generator CORE Generator module loading initial data...
 Block Memory Generator data initialization complete.
Block Memory Generator CORE Generator module my_rom_tb.dut.rom_inst.inst.\native_mem_module.blk_mem_gen_v7_3_inst  is using a behavioral model for simulation which will not precisely model memory collision behavior.
Finished circuit initialization process.
Address:  0, Data: 0000000000000000000000000000000000000000000000001
Address:  1, Data: 0000000000000000000000000000000000000000000000011
Address:  2, Data: 0000000000000000000000000000000000000000000000101
Address:  3, Data: 0000000000000000000000000000000000000000000000111
Address:  4, Data: 0000000000000000000000000000000000000000000001001
Address:  5, Data: 0000000000000000000000000000000000000000000001011
Address:  6, Data: 0000000000000000000000000000000000000000000001101
Address:  7, Data: 0000000000000000000000000000000000000000000001111
Address:  8, Data: 0000000000000000000000000000000000000000000010001
Address:  9, Data: 0000000000000000000000000000000000000000000010011
Address: 10, Data: 0000000000000000000000000000000000000000000010101
Address: 11, Data: 0000000000000000000000000000000000000000000010111
Address: 12, Data: 0000000000000000000000000000000000000000000011001
Address: 13, Data: 0000000000000000000000000000000000000000000011011
Address: 14, Data: 0000000000000000000000000000000000000000000011101
Address: 15, Data: 0000000000000000000000000000000000000000000011111
Address: 16, Data: 0000000000000000000000000000000000000000000100001
Address: 17, Data: 0000000000000000000000000000000000000000000100011
Address: 18, Data: 0000000000000000000000000000000000000000000100101
Address: 19, Data: 0000000000000000000000000000000000000000000100111
Address: 20, Data: 0000000000000000000000000000000000000000000101001
Address: 21, Data: 0000000000000000000000000000000000000000000101011
Address: 22, Data: 0000000000000000000000000000000000000000000101101
Address: 23, Data: 0000000000000000000000000000000000000000000101111
Address: 24, Data: 0000000000000000000000000000000000000000000110001
Address: 25, Data: 0000000000000000000000000000000000000000000110011
Address: 26, Data: 0000000000000000000000000000000000000000000110101
Address: 27, Data: 0000000000000000000000000000000000000000000110111
Address: 28, Data: 0000000000000000000000000000000000000000000111001
Address: 29, Data: 0000000000000000000000000000000000000000000111011
Address: 30, Data: 0000000000000000000000000000000000000000000111101
Address: 31, Data: 0000000000000000000000000000000000000000000111111
Address: 32, Data: 0000000000000000000000000000000000000000001000001
Address: 33, Data: 0000000000000000000000000000000000000000001000011
Address: 34, Data: 0000000000000000000000000000000000000000001000101
Address: 35, Data: 0000000000000000000000000000000000000000001000111
Address: 36, Data: 0000000000000000000000000000000000000000001001001
Address: 37, Data: 0000000000000000000000000000000000000000001001011
Address: 38, Data: 0000000000000000000000000000000000000000001001101
Address: 39, Data: 0000000000000000000000000000000000000000001001111
Address: 40, Data: 0000000000000000000000000000000000000000001010001
Address: 41, Data: 0000000000000000000000000000000000000000001010011
Address: 42, Data: 0000000000000000000000000000000000000000001010101
Address: 43, Data: 0000000000000000000000000000000000000000001010111
Address: 44, Data: 0000000000000000000000000000000000000000001011001
Address: 45, Data: 0000000000000000000000000000000000000000001011011
Address: 46, Data: 0000000000000000000000000000000000000000001011101
Address: 47, Data: 0000000000000000000000000000000000000000001011111
Address: 48, Data: 0000000000000000000000000000000000000000001100001
Address: 49, Data: 0000000000000000000000000000000000000000001100011
Address: 50, Data: 0000000000000000000000000000000000000000001100101
Address: 51, Data: 0000000000000000000000000000000000000000001100111
Address: 52, Data: 0000000000000000000000000000000000000000001101001
Address: 53, Data: 0000000000000000000000000000000000000000001101011
Address: 54, Data: 0000000000000000000000000000000000000000001101101
Address: 55, Data: 0000000000000000000000000000000000000000001101111
Address: 56, Data: 0000000000000000000000000000000000000000001110001
Address: 57, Data: 0000000000000000000000000000000000000000001110011
Address: 58, Data: 0000000000000000000000000000000000000000001110101
Address: 59, Data: 0000000000000000000000000000000000000000001110111
Address: 60, Data: 0000000000000000000000000000000000000000001111001
Address: 61, Data: 0000000000000000000000000000000000000000001111011
Address: 62, Data: 0000000000000000000000000000000000000000001111101
Address: 63, Data: 0000000000000000000000000000000000000000001111111
Stopped at time : 660 ns : File "/home/ise/Shared_drive_for_ECE_4375/AbdulrahmaanLawal-ROM-Project4/my_rom_tb.v" Line 46
# exit 0
