Running: /opt/Xilinx/14.7/ISE_DS/ISE/bin/lin64/unwrapped/fuse -intstyle ise -incremental -lib unisims_ver -lib unimacro_ver -lib xilinxcorelib_ver -o /home/ise/Shared_drive_for_ECE_4375/HW2/HW2_tb_isim_beh.exe -prj /home/ise/Shared_drive_for_ECE_4375/HW2/HW2_tb_beh.prj HW2_tb work.glbl 
ISim P.20131013 (signature 0xfbc00daa)
Number of CPUs detected in this system: 1
Turning on mult-threading, number of parallel sub-compilation jobs: 0 
Determining compilation order of HDL files
Analyzing Verilog file "/home/ise/Shared_drive_for_ECE_4375/HW2/twoInputNOR.v" into library work
Analyzing Verilog file "/home/ise/Shared_drive_for_ECE_4375/HW2/twoInputNAND.v" into library work
Analyzing Verilog file "/home/ise/Shared_drive_for_ECE_4375/HW2/ThreeInputAND.v" into library work
Analyzing Verilog file "/home/ise/Shared_drive_for_ECE_4375/HW2/combined.v" into library work
Analyzing Verilog file "/home/ise/Shared_drive_for_ECE_4375/HW2/HW2_tb.v" into library work
Analyzing Verilog file "/opt/Xilinx/14.7/ISE_DS/ISE//verilog/src/glbl.v" into library work
Starting static elaboration
Completed static elaboration
Fuse Memory Usage: 94916 KB
Fuse CPU Usage: 1280 ms
Compiling module twoInputNAND
Compiling module twoInputNOR
Compiling module ThreeInputAND
Compiling module combined
Compiling module HW2_tb
Compiling module glbl
Time Resolution for simulation is 1ps.
Compiled 6 Verilog Units
Built simulation executable /home/ise/Shared_drive_for_ECE_4375/HW2/HW2_tb_isim_beh.exe
Fuse Memory Usage: 98032 KB
Fuse CPU Usage: 1680 ms
GCC CPU Usage: 1350 ms
