Command line:
   main_tb_isim_beh.exe
     -simmode  gui
     -simrunnum  0
     -socket  38214

Fri Feb 27 04:45:32 2026


 Elaboration Time: 0.18 sec

 Current Memory Usage: 215.257 Meg

 Total Signals          : 58
 Total Nets             : 54
 Total Signal Drivers   : 26
 Total Blocks           : 6
 Total Primitive Blocks : 4
 Total Processes        : 32
 Total Traceable Variables  : 50
 Total Scalar Nets and Variables : 296
Total Line Count : 327

 Total Simulation Time: 0.2 sec

 Current Memory Usage: 292.856 Meg

Fri Feb 27 04:46:11 2026

